<?xml version="1.0" encoding="UTF-8"?>
<testng-results total="1" passed="1" failed="0" skipped="0">
  <reporter-output>
  </reporter-output>
  <suite started-at="2024-05-26T11:54:34Z" name="Default suite" finished-at="2024-05-26T11:55:07Z" duration-ms="33684">
    <groups>
    </groups>
    <test started-at="2024-05-26T11:54:34Z" name="Default test" finished-at="2024-05-26T11:55:07Z" duration-ms="33684">
      <class name="com.addWish.addtowish">
        <test-method is-config="true" signature="setup()[pri:0, instance:com.addWish.addtowish@36cda2c2]" started-at="2024-05-26T17:24:34Z" name="setup" finished-at="2024-05-26T17:24:44Z" duration-ms="10358" status="PASS">
          <reporter-output>
          </reporter-output>
        </test-method> <!-- setup -->
        <test-method signature="cart()[pri:0, instance:com.addWish.addtowish@36cda2c2]" started-at="2024-05-26T17:24:44Z" name="cart" finished-at="2024-05-26T17:25:03Z" duration-ms="19018" status="PASS">
          <reporter-output>
          </reporter-output>
        </test-method> <!-- cart -->
        <test-method is-config="true" signature="tearDown()[pri:0, instance:com.addWish.addtowish@36cda2c2]" started-at="2024-05-26T17:25:03Z" name="tearDown" finished-at="2024-05-26T17:25:07Z" duration-ms="4302" status="PASS">
          <reporter-output>
          </reporter-output>
        </test-method> <!-- tearDown -->
      </class> <!-- com.addWish.addtowish -->
    </test> <!-- Default test -->
  </suite> <!-- Default suite -->
</testng-results>
